#
# There is insufficient memory for the Java Runtime Environment to continue.
# Native memory allocation (malloc) failed to allocate 1048576 bytes for AllocateHeap
# Possible reasons:
#   The system is out of physical RAM or swap space
#   The process is running with CompressedOops enabled, and the Java Heap may be blocking the growth of the native heap
# Possible solutions:
#   Reduce memory load on the system
#   Increase physical memory or swap space
#   Check if swap backing store is full
#   Decrease Java heap size (-Xmx/-Xms)
#   Decrease number of Java threads
#   Decrease Java thread stack sizes (-Xss)
#   Set larger code cache with -XX:ReservedCodeCacheSize=
#   JVM is running with Unscaled Compressed Oops mode in which the Java heap is
#     placed in the first 4GB address space. The Java Heap base address is the
#     maximum limit for the native heap growth. Please use -XX:HeapBaseMinAddress
#     to set the Java Heap base and to place the Java Heap above 4GB virtual address.
# This output file may be truncated or incomplete.
#
#  Out of Memory Error (memory/allocation.inline.hpp:61), pid=61988, tid=0x000000000000f248
#
# JRE version:  (8.0_201-b09) (build )
# Java VM: Java HotSpot(TM) 64-Bit Server VM (25.201-b09 mixed mode windows-amd64 compressed oops)
# Failed to write core dump. Minidumps are not enabled by default on client versions of Windows
#

---------------  T H R E A D  ---------------

Current thread (0x000000000238e800):  JavaThread "Unknown thread" [_thread_in_vm, id=62024, stack(0x0000000002390000,0x0000000002490000)]

Stack: [0x0000000002390000,0x0000000002490000]
[error occurred during error reporting (printing stack bounds), id 0xc0000005]

Native frames: (J=compiled Java code, j=interpreted, Vv=VM code, C=native code)


---------------  P R O C E S S  ---------------

Java Threads: ( => current thread )

Other Threads:

=>0x000000000238e800 (exited) JavaThread "Unknown thread" [_thread_in_vm, id=62024, stack(0x0000000002390000,0x0000000002490000)]

VM state:not at safepoint (normal execution)

VM Mutex/Monitor currently owned by a thread: None

heap address: 0x0000000081800000, size: 2024 MB, Compressed Oops mode: 32-bit
Narrow klass base: 0x0000000000000000, Narrow klass shift: 3
Compressed class space size: 1073741824 Address: 0x0000000100000000

Heap:
 PSYoungGen      total 38400K, used 665K [0x00000000d5d80000, 0x00000000d8800000, 0x0000000100000000)
  eden space 33280K, 2% used [0x00000000d5d80000,0x00000000d5e26670,0x00000000d7e00000)
  from space 5120K, 0% used [0x00000000d8300000,0x00000000d8300000,0x00000000d8800000)
  to   space 5120K, 0% used [0x00000000d7e00000,0x00000000d7e00000,0x00000000d8300000)
 ParOldGen       total 87552K, used 0K [0x0000000081800000, 0x0000000086d80000, 0x00000000d5d80000)
  object space 87552K, 0% used [0x0000000081800000,0x0000000081800000,0x0000000086d80000)
 Metaspace       used 751K, capacity 4480K, committed 4480K, reserved 1056768K
  class space    used 76K, capacity 384K, committed 384K, reserved 1048576K

Card table byte_map: [0x0000000011cd0000,0x00000000120d0000] byte_map_base: 0x00000000118c4000

Marking Bits: (ParMarkBitMap*) 0x000000006f834ce0
 Begin Bits: [0x0000000012780000, 0x0000000014720000)
 End Bits:   [0x0000000014720000, 0x00000000166c0000)

Polling page: 0x0000000002350000

CodeCache: size=245760Kb used=328Kb max_used=328Kb free=245431Kb
 bounds [0x0000000002910000, 0x0000000002b80000, 0x0000000011910000]
 total_blobs=58 nmethods=0 adapters=38
 compilation: enabled

Compilation events (0 events):
No events

GC Heap History (0 events):
No events

Deoptimization events (0 events):
No events

Classes redefined (0 events):
No events

Internal exceptions (0 events):
No events

Events (10 events):
Event: 0.092 loading class java/lang/Short
Event: 0.093 loading class java/lang/Short done
Event: 0.093 loading class java/lang/Integer
Event: 0.093 loading class java/lang/Integer done
Event: 0.093 loading class java/lang/Long
Event: 0.093 loading class java/lang/Long done
Event: 0.094 loading class java/lang/NullPointerException
Event: 0.094 loading class java/lang/NullPointerException done
Event: 0.094 loading class java/lang/ArithmeticException
Event: 0.094 loading class java/lang/ArithmeticException done


Dynamic libraries:
0x00007ff669650000 - 0x00007ff669687000 	C:\Program Files\Java\jre1.8.0_201\bin\javaw.exe
0x00007ff891140000 - 0x00007ff891321000 	C:\WINDOWS\SYSTEM32\ntdll.dll
0x00007ff890e90000 - 0x00007ff890f41000 	C:\WINDOWS\System32\KERNEL32.DLL
0x00007ff88d510000 - 0x00007ff88d783000 	C:\WINDOWS\System32\KERNELBASE.dll
0x00007ff890b50000 - 0x00007ff890bf1000 	C:\WINDOWS\System32\ADVAPI32.dll
0x00007ff88e600000 - 0x00007ff88e69e000 	C:\WINDOWS\System32\msvcrt.dll
0x00007ff890c00000 - 0x00007ff890c5b000 	C:\WINDOWS\System32\sechost.dll
0x00007ff890f80000 - 0x00007ff8910a4000 	C:\WINDOWS\System32\RPCRT4.dll
0x00007ff8907e0000 - 0x00007ff890970000 	C:\WINDOWS\System32\USER32.dll
0x00007ff88db00000 - 0x00007ff88db20000 	C:\WINDOWS\System32\win32u.dll
0x00007ff890c60000 - 0x00007ff890c88000 	C:\WINDOWS\System32\GDI32.dll
0x00007ff88e380000 - 0x00007ff88e511000 	C:\WINDOWS\System32\gdi32full.dll
0x00007ff88da60000 - 0x00007ff88daff000 	C:\WINDOWS\System32\msvcp_win.dll
0x00007ff88e280000 - 0x00007ff88e378000 	C:\WINDOWS\System32\ucrtbase.dll
0x00007ff87cfd0000 - 0x00007ff87d239000 	C:\WINDOWS\WinSxS\amd64_microsoft.windows.common-controls_6595b64144ccf1df_6.0.17134.885_none_fb42a3473065565f\COMCTL32.dll
0x00007ff88fba0000 - 0x00007ff88fec2000 	C:\WINDOWS\System32\combase.dll
0x00007ff88d790000 - 0x00007ff88d809000 	C:\WINDOWS\System32\bcryptPrimitives.dll
0x00007ff88e5d0000 - 0x00007ff88e5fd000 	C:\WINDOWS\System32\IMM32.DLL
0x000000006ef30000 - 0x000000006f001000 	C:\Program Files\Java\jre1.8.0_201\bin\msvcr100.dll
0x000000006f010000 - 0x000000006f8b4000 	C:\Program Files\Java\jre1.8.0_201\bin\server\jvm.dll
0x00007ff890030000 - 0x00007ff890038000 	C:\WINDOWS\System32\PSAPI.DLL
0x00007ff87d3f0000 - 0x00007ff87d3fa000 	C:\WINDOWS\SYSTEM32\VERSION.dll
0x00007ff88b120000 - 0x00007ff88b143000 	C:\WINDOWS\SYSTEM32\WINMM.dll
0x00007ff88c0b0000 - 0x00007ff88c0b9000 	C:\WINDOWS\SYSTEM32\WSOCK32.dll
0x00007ff890c90000 - 0x00007ff890cfc000 	C:\WINDOWS\System32\WS2_32.dll
0x00007ff88adb0000 - 0x00007ff88adda000 	C:\WINDOWS\SYSTEM32\winmmbase.dll
0x00007ff88db20000 - 0x00007ff88db69000 	C:\WINDOWS\System32\cfgmgr32.dll
0x00007ff88b370000 - 0x00007ff88b37f000 	C:\Program Files\Java\jre1.8.0_201\bin\verify.dll
0x00007ff887530000 - 0x00007ff887559000 	C:\Program Files\Java\jre1.8.0_201\bin\java.dll
0x00007ff887660000 - 0x00007ff887676000 	C:\Program Files\Java\jre1.8.0_201\bin\zip.dll

VM Arguments:
jvm_args: -Dfile.encoding=MS949 
java_command: dice.Game
java_class_path (initial): C:\Users\User\Documents\java\homework2\bin
Launcher Type: SUN_STANDARD

Environment Variables:
JAVA_HOME=C:\Program Files\Java\jdk1.8.0_201
PATH=C:/Program Files/Java/jre1.8.0_201/bin/server;C:/Program Files/Java/jre1.8.0_201/bin;C:/Program Files/Java/jre1.8.0_201/lib/amd64;C:\ProgramData\Anaconda3;C:\ProgramData\Anaconda3\Library\mingw-w64\bin;C:\ProgramData\Anaconda3\Library\usr\bin;C:\ProgramData\Anaconda3\Library\bin;C:\ProgramData\Anaconda3\Scripts;C:\Program Files (x86)\NAT Service;C:\Program Files (x86)\Common Files\Oracle\Java\javapath;C:\Program Files (x86)\Intel\iCLS Client\;C:\Program Files\Intel\iCLS Client\;C:\WINDOWS\system32;C:\WINDOWS;C:\WINDOWS\System32\Wbem;C:\WINDOWS\System32\WindowsPowerShell\v1.0\;C:\Program Files (x86)\Intel\Intel(R) Management Engine Components\DAL;C:\Program Files\Intel\Intel(R) Management Engine Components\DAL;C:\Program Files (x86)\Intel\Intel(R) Management Engine Components\IPT;C:\Program Files\Intel\Intel(R) Management Engine Components\IPT;C:\Program Files\Microsoft SQL Server\Client SDK\ODBC\110\Tools\Binn\;C:\Program Files (x86)\Microsoft SQL Server\120\Tools\Binn\;C:\Program Files\Microsoft SQL Server\120\Tools\Binn\;C:\Program Files\Microsoft SQL Server\120\DTS\Binn\;C:\WINDOWS\system32\config\systemprofile\.dnx\bin;C:\Program Files\Microsoft DNX\Dnvm\;C:\Program Files\Microsoft SQL Server\130\Tools\Binn\;C:\WINDOWS\System32\OpenSSH\;C:\Program Files (x86)\Windows Live\Shared;C:\Program Files\Java\jdk1.8.0_181\bin;C:\Users\User\Downloads\mongoDB\mongodb-win32-x86_64-2008plus-ssl-4.0.3\bin;C:\Program Files\Java\jdk1.8.0_201\bin;C:\Program Files\Git\cmd;C:\Users\User\AppData\Local\Programs\Python\Python37-32\Scripts\;C:\Users\User\AppData\Local\Programs\Python\Python37-32\;C:\Users\User\AppData\Local\Microsoft\WindowsApps;C:\altera\13.0\modelsim_ase\win32aloem;C:\Users\User\Downloads\mongoDB\mongodb-win32-x86_64-2008plus-ssl-4.0.3\bin;C:\Users\User\AppData\Local\Programs\Fiddler;C:\Users\User\AppData\Local\Programs\Microsoft VS Code\bin;C:\ProgramData\Anaconda3\Library\bin;C:\ProgramData\Anaconda3\Scripts;;C:\Users\User\Documents\java\eclipse;
USERNAME=User
OS=Windows_NT
PROCESSOR_IDENTIFIER=Intel64 Family 6 Model 61 Stepping 4, GenuineIntel



---------------  S Y S T E M  ---------------

OS: Windows 10.0 , 64 bit Build 17134 (10.0.17134.753)

CPU:total 4 (initial active 4) (2 cores per cpu, 2 threads per core) family 6 model 61 stepping 4, cmov, cx8, fxsr, mmx, sse, sse2, sse3, ssse3, sse4.1, sse4.2, popcnt, avx, avx2, aes, clmul, erms, 3dnowpref, lzcnt, ht, tsc, tscinvbit, bmi1, bmi2, adx

Memory: 4k page, physical 8284712k(2923260k free), swap 19119616k(5484k free)

vm_info: Java HotSpot(TM) 64-Bit Server VM (25.201-b09) for windows-amd64 JRE (1.8.0_201-b09), built on Dec 15 2018 18:36:39 by "java_re" with MS VC++ 10.0 (VS2010)

time: Fri Oct 18 00:52:45 2019
timezone: 대한민국 표준시
elapsed time: 0 seconds (0d 0h 0m 0s)

